<?xml version="1.0" encoding="UTF-8"?>
<testsuite xmlns:xsi="http://www.w3.org/2001/XMLSchema-instance" xsi:noNamespaceSchemaLocation="https://maven.apache.org/surefire/maven-surefire-plugin/xsd/surefire-test-report-3.0.xsd" version="3.0" name="com.zoology.FelineTest" time="0.571" tests="11" errors="0" skipped="0" failures="0">
  <properties>
[...]
</properties>
  <testcase name="getFood_WithInvalidKind_ShouldThrowException" classname="com.zoology.FelineTest" time="0.004"/>
  <testcase name="getKittens_WithoutArguments_ShouldReturnOne" classname="com.zoology.FelineTest" time="0.005"/>
  <testcase name="getFamily_ShouldReturnCorrectFamily" classname="com.zoology.FelineTest" time="0.002"/>
  <testcase name="getKittens_WithArgument_ShouldReturnSpecifiedCount(int)[1]" classname="com.zoology.FelineTest" time="0.064"/>
  <testcase name="getKittens_WithArgument_ShouldReturnSpecifiedCount(int)[2]" classname="com.zoology.FelineTest" time="0.002"/>
  <testcase name="getKittens_WithArgument_ShouldReturnSpecifiedCount(int)[3]" classname="com.zoology.FelineTest" time="0.004"/>
  <testcase name="getKittens_WithArgument_ShouldReturnSpecifiedCount(int)[4]" classname="com.zoology.FelineTest" time="0.001"/>
  <testcase name="getKittens_WithArgument_ShouldReturnSpecifiedCount(int)[5]" classname="com.zoology.FelineTest" time="0.004"/>
  <testcase name="getKittens_WithArgument_ShouldReturnSpecifiedCount(int)[6]" classname="com.zoology.FelineTest" time="0.001"/>
  <testcase name="getFood_WithValidAnimalKind_ShouldReturnCorrectFood(String, String)[1]" classname="com.zoology.FelineTest" time="0.005"/>
  <testcase name="getFood_WithValidAnimalKind_ShouldReturnCorrectFood(String, String)[2]" classname="com.zoology.FelineTest" time="0.008"/>
</testsuite>